<?xml version="1.0" encoding="UTF-8"?>
<!-- Generated by org.testng.reporters.JUnitReportReporter -->
<testsuite hostname="PUN-DE-DL88TS1" name="io.swagger.codegen.ExampleGeneratorTest" tests="1" failures="0" timestamp="31 Jan 2018 13:50:17 GMT" time="0.002" errors="0">
  <testcase name="recursiveModelsTest" time="0.002" classname="io.swagger.codegen.ExampleGeneratorTest"/>
</testsuite> <!-- io.swagger.codegen.ExampleGeneratorTest -->
