<?xml version="1.0" encoding="UTF-8"?>
<!-- Generated by org.testng.reporters.JUnitReportReporter -->
<testsuite hostname="PUN-DE-DL88TS1" name="io.swagger.codegen.ClientAuthInputTest" tests="1" failures="0" timestamp="31 Jan 2018 13:50:16 GMT" time="0.017" errors="0">
  <testcase name="clientAuthInputTest" time="0.017" classname="io.swagger.codegen.ClientAuthInputTest"/>
</testsuite> <!-- io.swagger.codegen.ClientAuthInputTest -->
