<?xml version="1.0" encoding="UTF-8"?>
<!-- Generated by org.testng.reporters.JUnitReportReporter -->
<testsuite hostname="PUN-DE-DL88TS1" name="io.swagger.codegen.java.JavaModelTest" tests="35" failures="0" timestamp="31 Jan 2018 13:50:17 GMT" time="0.023" errors="0">
  <testcase name="convertParameterTest" time="0.000" classname="io.swagger.codegen.java.JavaModelTest"/>
  <testcase name="mapPropertyTest" time="0.000" classname="io.swagger.codegen.java.JavaModelTest"/>
  <testcase name="mapWithAnListOfBigDecimalTest" time="0.003" classname="io.swagger.codegen.java.JavaModelTest"/>
  <testcase name="firstTwoUpperCaseLetterNamesTest" time="0.000" classname="io.swagger.codegen.java.JavaModelTest"/>
  <testcase name="complexMapPropertyTest" time="0.000" classname="io.swagger.codegen.java.JavaModelTest"/>
  <testcase name="simpleModelTest" time="0.001" classname="io.swagger.codegen.java.JavaModelTest"/>
  <testcase name="complexPropertiesTest" time="0.001" classname="io.swagger.codegen.java.JavaModelTest"/>
  <testcase name="hyphensTest" time="0.000" classname="io.swagger.codegen.java.JavaModelTest"/>
  <testcase name="arrayModelTest" time="0.003" classname="io.swagger.codegen.java.JavaModelTest"/>
  <testcase name="binaryDataTest" time="0.003" classname="io.swagger.codegen.java.JavaModelTest"/>
  <testcase name="modelWithXmlTest" time="0.001" classname="io.swagger.codegen.java.JavaModelTest"/>
  <testcase name="booleanParameterTest" time="0.000" classname="io.swagger.codegen.java.JavaModelTest"/>
  <testcase name="modelWithWrappedXmlTest" time="0.001" classname="io.swagger.codegen.java.JavaModelTest"/>
  <testcase name="modelNameTest" time="0.001" classname="io.swagger.codegen.java.JavaModelTest"/>
  <testcase name="listPropertyTest" time="0.001" classname="io.swagger.codegen.java.JavaModelTest"/>
  <testcase name="secondCharUpperCaseNamesTest" time="0.000" classname="io.swagger.codegen.java.JavaModelTest"/>
  <testcase name="mapWithListPropertyTest" time="0.001" classname="io.swagger.codegen.java.JavaModelTest"/>
  <testcase name="escapeNamesTest" time="0.000" classname="io.swagger.codegen.java.JavaModelTest"/>
  <testcase name="arrayModelWithItemNameTest" time="0.001" classname="io.swagger.codegen.java.JavaModelTest"/>
  <testcase name="modelNameTest" time="0.000" classname="io.swagger.codegen.java.JavaModelTest"/>
  <testcase name="modelNameTest" time="0.000" classname="io.swagger.codegen.java.JavaModelTest"/>
  <testcase name="invalidParamNameTest" time="0.000" classname="io.swagger.codegen.java.JavaModelTest"/>
  <testcase name="list2DPropertyTest" time="0.001" classname="io.swagger.codegen.java.JavaModelTest"/>
  <testcase name="modelNameTest" time="0.000" classname="io.swagger.codegen.java.JavaModelTest"/>
  <testcase name="complexListPropertyTest" time="0.001" classname="io.swagger.codegen.java.JavaModelTest"/>
  <testcase name="upperCaseNamesTest" time="0.000" classname="io.swagger.codegen.java.JavaModelTest"/>
  <testcase name="mapModelTest" time="0.000" classname="io.swagger.codegen.java.JavaModelTest"/>
  <testcase name="squareBracketsTest" time="0.001" classname="io.swagger.codegen.java.JavaModelTest"/>
  <testcase name="classPropertyTest" time="0.000" classname="io.swagger.codegen.java.JavaModelTest"/>
  <testcase name="classPropertyTest" time="0.000" classname="io.swagger.codegen.java.JavaModelTest"/>
  <testcase name="classPropertyTest" time="0.001" classname="io.swagger.codegen.java.JavaModelTest"/>
  <testcase name="modelNameTest" time="0.000" classname="io.swagger.codegen.java.JavaModelTest"/>
  <testcase name="modelNameTest" time="0.001" classname="io.swagger.codegen.java.JavaModelTest"/>
  <testcase name="modelNameTest" time="0.000" classname="io.swagger.codegen.java.JavaModelTest"/>
  <testcase name="modelNameTest" time="0.001" classname="io.swagger.codegen.java.JavaModelTest"/>
</testsuite> <!-- io.swagger.codegen.java.JavaModelTest -->
