<?xml version="1.0" encoding="UTF-8"?>
<!-- Generated by org.testng.reporters.JUnitReportReporter -->
<testsuite hostname="PUN-DE-DL88TS1" name="io.swagger.codegen.java.JavaModelEnumTest" tests="2" failures="0" timestamp="31 Jan 2018 13:50:16 GMT" time="0.003" errors="0">
  <testcase name="converterTest" time="0.001" classname="io.swagger.codegen.java.JavaModelEnumTest"/>
  <testcase name="overrideEnumTest" time="0.002" classname="io.swagger.codegen.java.JavaModelEnumTest"/>
</testsuite> <!-- io.swagger.codegen.java.JavaModelEnumTest -->
