<?xml version="1.0" encoding="UTF-8"?>
<!-- Generated by org.testng.reporters.JUnitReportReporter -->
<testsuite hostname="PUN-DE-DL88TS1" name="io.swagger.codegen.config.CodegenConfiguratorTest" tests="19" failures="0" timestamp="31 Jan 2018 13:50:16 GMT" time="0.324" errors="0">
  <testcase name="testArtifactVersion" time="0.001" classname="io.swagger.codegen.config.CodegenConfiguratorTest"/>
  <testcase name="testGroupId" time="0.001" classname="io.swagger.codegen.config.CodegenConfiguratorTest"/>
  <testcase name="testInstantiationTypes" time="0.001" classname="io.swagger.codegen.config.CodegenConfiguratorTest"/>
  <testcase name="testSystemProperties" time="0.029" classname="io.swagger.codegen.config.CodegenConfiguratorTest"/>
  <testcase name="testModelPackage" time="0.001" classname="io.swagger.codegen.config.CodegenConfiguratorTest"/>
  <testcase name="testTypeMappings" time="0.002" classname="io.swagger.codegen.config.CodegenConfiguratorTest"/>
  <testcase name="testArtifactId" time="0.001" classname="io.swagger.codegen.config.CodegenConfiguratorTest"/>
  <testcase name="testSkipOverwrite" time="0.002" classname="io.swagger.codegen.config.CodegenConfiguratorTest"/>
  <testcase name="testCodegenConfiguratorIsSerializable" time="0.018" classname="io.swagger.codegen.config.CodegenConfiguratorTest"/>
  <testcase name="testLibrary" time="0.001" classname="io.swagger.codegen.config.CodegenConfiguratorTest"/>
  <testcase name="testAdditionalProperties" time="0.239" classname="io.swagger.codegen.config.CodegenConfiguratorTest"/>
  <testcase name="testFromFile" time="0.002" classname="io.swagger.codegen.config.CodegenConfiguratorTest"/>
  <testcase name="testDynamicProperties" time="0.001" classname="io.swagger.codegen.config.CodegenConfiguratorTest"/>
  <testcase name="testVerbose" time="0.016" classname="io.swagger.codegen.config.CodegenConfiguratorTest"/>
  <testcase name="testInvokerPackage" time="0.001" classname="io.swagger.codegen.config.CodegenConfiguratorTest"/>
  <testcase name="testLanguageSpecificPrimitives" time="0.001" classname="io.swagger.codegen.config.CodegenConfiguratorTest"/>
  <testcase name="testApiPackage" time="0.002" classname="io.swagger.codegen.config.CodegenConfiguratorTest"/>
  <testcase name="testTemplateDir" time="0.004" classname="io.swagger.codegen.config.CodegenConfiguratorTest"/>
  <testcase name="testImportMappings" time="0.001" classname="io.swagger.codegen.config.CodegenConfiguratorTest"/>
</testsuite> <!-- io.swagger.codegen.config.CodegenConfiguratorTest -->
