<?xml version="1.0" encoding="UTF-8"?>
<!-- Generated by org.testng.reporters.JUnitReportReporter -->
<testsuite hostname="PUN-DE-DL88TS1" name="io.swagger.codegen.SwaggerMigratorTest" tests="1" failures="0" timestamp="31 Jan 2018 13:50:16 GMT" time="0.141" errors="0">
  <testcase name="swaggerMigratorTest" time="0.141" classname="io.swagger.codegen.SwaggerMigratorTest"/>
</testsuite> <!-- io.swagger.codegen.SwaggerMigratorTest -->
