<?xml version="1.0" encoding="UTF-8"?>
<!-- Generated by org.testng.reporters.JUnitReportReporter -->
<testsuite hostname="PUN-DE-DL88TS1" name="io.swagger.codegen.ignore.rules.FileRuleTest" tests="4" failures="0" timestamp="31 Jan 2018 13:50:17 GMT" time="0.000" errors="0">
  <testcase name="testGlobbingNotRecursive" time="0.000" classname="io.swagger.codegen.ignore.rules.FileRuleTest"/>
  <testcase name="testMatchComplex" time="0.000" classname="io.swagger.codegen.ignore.rules.FileRuleTest"/>
  <testcase name="testGlobbingRecursive" time="0.000" classname="io.swagger.codegen.ignore.rules.FileRuleTest"/>
  <testcase name="testNonMatchComplex" time="0.000" classname="io.swagger.codegen.ignore.rules.FileRuleTest"/>
</testsuite> <!-- io.swagger.codegen.ignore.rules.FileRuleTest -->
