<?xml version="1.0" encoding="UTF-8"?>
<!-- Generated by org.testng.reporters.JUnitReportReporter -->
<testsuite hostname="PUN-DE-DL88TS1" name="io.swagger.codegen.InlineModelResolverTest" tests="30" failures="0" timestamp="31 Jan 2018 13:50:16 GMT" time="0.013" errors="0">
  <testcase name="resolveInlineModelTestWithTitle" time="0.000" classname="io.swagger.codegen.InlineModelResolverTest"/>
  <testcase name="testArbitraryObjectModelInline" time="0.000" classname="io.swagger.codegen.InlineModelResolverTest"/>
  <testcase name="testArbitraryObjectBodyParamArrayInline" time="0.003" classname="io.swagger.codegen.InlineModelResolverTest"/>
  <testcase name="testArbitraryObjectModelWithArrayInlineWithoutTitle" time="0.000" classname="io.swagger.codegen.InlineModelResolverTest"/>
  <testcase name="testInlineMapResponseWithObjectProperty" time="0.000" classname="io.swagger.codegen.InlineModelResolverTest"/>
  <testcase name="testArbitraryObjectModelWithArrayInlineWithTitle" time="0.000" classname="io.swagger.codegen.InlineModelResolverTest"/>
  <testcase name="resolveInlineBodyParameterWithRequired" time="0.000" classname="io.swagger.codegen.InlineModelResolverTest"/>
  <testcase name="testArbitraryObjectResponseArrayInline" time="0.000" classname="io.swagger.codegen.InlineModelResolverTest"/>
  <testcase name="resolveInlineBodyParameterWithTitle" time="0.000" classname="io.swagger.codegen.InlineModelResolverTest"/>
  <testcase name="resolveInlineModel2EqualInnerModels" time="0.000" classname="io.swagger.codegen.InlineModelResolverTest"/>
  <testcase name="testArbitraryObjectBodyParamWithArray" time="0.000" classname="io.swagger.codegen.InlineModelResolverTest"/>
  <testcase name="resolveInlineArrayResponseWithTitle" time="0.000" classname="io.swagger.codegen.InlineModelResolverTest"/>
  <testcase name="testInlineMapResponse" time="0.001" classname="io.swagger.codegen.InlineModelResolverTest"/>
  <testcase name="testArbitraryObjectBodyParamInline" time="0.000" classname="io.swagger.codegen.InlineModelResolverTest"/>
  <testcase name="testArbitraryObjectBodyParam" time="0.000" classname="io.swagger.codegen.InlineModelResolverTest"/>
  <testcase name="resolveInlineModel2DifferentInnerModelsWIthSameTitle" time="0.000" classname="io.swagger.codegen.InlineModelResolverTest"/>
  <testcase name="resolveInlineArrayBodyParameter" time="0.001" classname="io.swagger.codegen.InlineModelResolverTest"/>
  <testcase name="notResolveNonModelBodyParameter" time="0.001" classname="io.swagger.codegen.InlineModelResolverTest"/>
  <testcase name="resolveInlineBodyParameter" time="0.000" classname="io.swagger.codegen.InlineModelResolverTest"/>
  <testcase name="testInlineResponseModelWithTitle" time="0.001" classname="io.swagger.codegen.InlineModelResolverTest"/>
  <testcase name="testArrayResponse" time="0.000" classname="io.swagger.codegen.InlineModelResolverTest"/>
  <testcase name="testInlineResponseModel" time="0.000" classname="io.swagger.codegen.InlineModelResolverTest"/>
  <testcase name="testArbitraryObjectResponse" time="0.000" classname="io.swagger.codegen.InlineModelResolverTest"/>
  <testcase name="resolveInlineArrayResponse" time="0.000" classname="io.swagger.codegen.InlineModelResolverTest"/>
  <testcase name="testArbitraryObjectResponseMapInline" time="0.000" classname="io.swagger.codegen.InlineModelResolverTest"/>
  <testcase name="resolveInlineArrayModelWithTitle" time="0.000" classname="io.swagger.codegen.InlineModelResolverTest"/>
  <testcase name="resolveInlineModelTestWithoutTitle" time="0.000" classname="io.swagger.codegen.InlineModelResolverTest"/>
  <testcase name="resolveInlineArrayModelWithoutTitle" time="0.001" classname="io.swagger.codegen.InlineModelResolverTest"/>
  <testcase name="testArbitraryObjectResponseArray" time="0.000" classname="io.swagger.codegen.InlineModelResolverTest"/>
  <testcase name="testBasicInput" time="0.005" classname="io.swagger.codegen.InlineModelResolverTest"/>
</testsuite> <!-- io.swagger.codegen.InlineModelResolverTest -->
