<?xml version="1.0" encoding="UTF-8"?>
<!-- Generated by org.testng.reporters.JUnitReportReporter -->
<testsuite hostname="PUN-DE-DL88TS1" name="io.swagger.codegen.utils.SemVerTest" tests="2" failures="0" timestamp="31 Jan 2018 13:50:16 GMT" time="0.001" errors="0">
  <testcase name="parsingAndPrinting" time="0.000" classname="io.swagger.codegen.utils.SemVerTest"/>
  <testcase name="atLeast" time="0.001" classname="io.swagger.codegen.utils.SemVerTest"/>
</testsuite> <!-- io.swagger.codegen.utils.SemVerTest -->
