<?xml version="1.0" encoding="UTF-8"?>
<!-- Generated by org.testng.reporters.JUnitReportReporter -->
<testsuite hostname="PUN-DE-DL88TS1" name="io.swagger.codegen.ignore.CodegenIgnoreProcessorTest" tests="27" failures="0" timestamp="31 Jan 2018 13:50:16 GMT" time="0.092" errors="0">
  <testcase name="evaluate" time="0.002" classname="io.swagger.codegen.ignore.CodegenIgnoreProcessorTest"/>
  <testcase name="evaluate" time="0.004" classname="io.swagger.codegen.ignore.CodegenIgnoreProcessorTest"/>
  <testcase name="evaluate" time="0.002" classname="io.swagger.codegen.ignore.CodegenIgnoreProcessorTest"/>
  <testcase name="evaluate" time="0.003" classname="io.swagger.codegen.ignore.CodegenIgnoreProcessorTest"/>
  <testcase name="evaluate" time="0.004" classname="io.swagger.codegen.ignore.CodegenIgnoreProcessorTest"/>
  <testcase name="evaluate" time="0.000" classname="io.swagger.codegen.ignore.CodegenIgnoreProcessorTest"/>
  <testcase name="evaluate" time="0.004" classname="io.swagger.codegen.ignore.CodegenIgnoreProcessorTest"/>
  <testcase name="evaluate" time="0.005" classname="io.swagger.codegen.ignore.CodegenIgnoreProcessorTest"/>
  <testcase name="evaluate" time="0.003" classname="io.swagger.codegen.ignore.CodegenIgnoreProcessorTest"/>
  <testcase name="evaluate" time="0.002" classname="io.swagger.codegen.ignore.CodegenIgnoreProcessorTest"/>
  <testcase name="evaluate" time="0.004" classname="io.swagger.codegen.ignore.CodegenIgnoreProcessorTest"/>
  <testcase name="evaluate" time="0.005" classname="io.swagger.codegen.ignore.CodegenIgnoreProcessorTest"/>
  <testcase name="evaluate" time="0.001" classname="io.swagger.codegen.ignore.CodegenIgnoreProcessorTest"/>
  <testcase name="evaluate" time="0.003" classname="io.swagger.codegen.ignore.CodegenIgnoreProcessorTest"/>
  <testcase name="evaluate" time="0.003" classname="io.swagger.codegen.ignore.CodegenIgnoreProcessorTest"/>
  <testcase name="evaluate" time="0.004" classname="io.swagger.codegen.ignore.CodegenIgnoreProcessorTest"/>
  <testcase name="evaluate" time="0.004" classname="io.swagger.codegen.ignore.CodegenIgnoreProcessorTest"/>
  <testcase name="evaluate" time="0.011" classname="io.swagger.codegen.ignore.CodegenIgnoreProcessorTest"/>
  <testcase name="evaluate" time="0.005" classname="io.swagger.codegen.ignore.CodegenIgnoreProcessorTest"/>
  <testcase name="evaluate" time="0.001" classname="io.swagger.codegen.ignore.CodegenIgnoreProcessorTest"/>
  <testcase name="evaluate" time="0.004" classname="io.swagger.codegen.ignore.CodegenIgnoreProcessorTest"/>
  <testcase name="evaluate" time="0.002" classname="io.swagger.codegen.ignore.CodegenIgnoreProcessorTest"/>
  <testcase name="evaluate" time="0.002" classname="io.swagger.codegen.ignore.CodegenIgnoreProcessorTest"/>
  <testcase name="evaluate" time="0.004" classname="io.swagger.codegen.ignore.CodegenIgnoreProcessorTest"/>
  <testcase name="evaluate" time="0.002" classname="io.swagger.codegen.ignore.CodegenIgnoreProcessorTest"/>
  <testcase name="evaluate" time="0.006" classname="io.swagger.codegen.ignore.CodegenIgnoreProcessorTest"/>
  <testcase name="evaluate" time="0.002" classname="io.swagger.codegen.ignore.CodegenIgnoreProcessorTest"/>
</testsuite> <!-- io.swagger.codegen.ignore.CodegenIgnoreProcessorTest -->
