<?xml version="1.0" encoding="UTF-8"?>
<!-- Generated by org.testng.reporters.JUnitReportReporter -->
<testsuite hostname="PUN-DE-DL88TS1" name="io.swagger.codegen.CodegenTest" tests="25" failures="0" timestamp="31 Jan 2018 13:50:16 GMT" time="0.583" errors="0">
  <testcase name="supportsMixinsTest" time="0.004" classname="io.swagger.codegen.CodegenTest"/>
  <testcase name="simpleInheritanceTest" time="0.005" classname="io.swagger.codegen.CodegenTest"/>
  <testcase name="noSupportsInheritanceTest" time="0.006" classname="io.swagger.codegen.CodegenTest"/>
  <testcase name="localConsumesAndProducesTest" time="0.003" classname="io.swagger.codegen.CodegenTest"/>
  <testcase name="fileUploadParamTest" time="0.015" classname="io.swagger.codegen.CodegenTest"/>
  <testcase name="localResetConsumesAndProducesTest" time="0.005" classname="io.swagger.codegen.CodegenTest"/>
  <testcase name="underscoreNamesTest" time="0.001" classname="io.swagger.codegen.CodegenTest"/>
  <testcase name="multiCompositionTest" time="0.012" classname="io.swagger.codegen.CodegenTest"/>
  <testcase name="sanitizeTagTest" time="0.000" classname="io.swagger.codegen.CodegenTest"/>
  <testcase name="responseSelectionTest1" time="0.006" classname="io.swagger.codegen.CodegenTest"/>
  <testcase name="simpleCompositionTest" time="0.006" classname="io.swagger.codegen.CodegenTest"/>
  <testcase name="multiInheritanceTest" time="0.010" classname="io.swagger.codegen.CodegenTest"/>
  <testcase name="deprecatedParamTest" time="0.079" classname="io.swagger.codegen.CodegenTest"/>
  <testcase name="formParamTest" time="0.008" classname="io.swagger.codegen.CodegenTest"/>
  <testcase name="binaryDataTest" time="0.295" classname="io.swagger.codegen.CodegenTest"/>
  <testcase name="requiredParametersTest" time="0.003" classname="io.swagger.codegen.CodegenTest"/>
  <testcase name="inheritanceOfComposedModelTest" time="0.062" classname="io.swagger.codegen.CodegenTest"/>
  <testcase name="responseSelectionTest2" time="0.003" classname="io.swagger.codegen.CodegenTest"/>
  <testcase name="fileResponeseTest" time="0.005" classname="io.swagger.codegen.CodegenTest"/>
  <testcase name="globalConsumesAndProducesTest" time="0.003" classname="io.swagger.codegen.CodegenTest"/>
  <testcase name="enumQueryParameterTest" time="0.011" classname="io.swagger.codegen.CodegenTest"/>
  <testcase name="multiInheritanceOfComposedModelTest" time="0.011" classname="io.swagger.codegen.CodegenTest"/>
  <testcase name="enumArrayQueryParameterTest" time="0.023" classname="io.swagger.codegen.CodegenTest"/>
  <testcase name="camelizeNamesTest" time="0.002" classname="io.swagger.codegen.CodegenTest"/>
  <testcase name="discriminatorTest" time="0.005" classname="io.swagger.codegen.CodegenTest"/>
</testsuite> <!-- io.swagger.codegen.CodegenTest -->
