<?xml version="1.0" encoding="UTF-8"?>
<!-- Generated by org.testng.reporters.JUnitReportReporter -->
<testsuite hostname="PUN-DE-DL88TS1" name="io.swagger.codegen.java.AbstractJavaCodegenTest" tests="7" failures="0" timestamp="31 Jan 2018 13:50:16 GMT" time="0.002" errors="0">
  <testcase name="preprocessSwaggerWithNoFormOrBodyParamsDoesNotSetContentType" time="0.000" classname="io.swagger.codegen.java.AbstractJavaCodegenTest"/>
  <testcase name="toEnumVarNameShouldNotShortenUnderScore" time="0.001" classname="io.swagger.codegen.java.AbstractJavaCodegenTest"/>
  <testcase name="preprocessSwaggerWithFormParamsSetsContentType" time="0.000" classname="io.swagger.codegen.java.AbstractJavaCodegenTest"/>
  <testcase name="toModelNameUsesPascalCase" time="0.000" classname="io.swagger.codegen.java.AbstractJavaCodegenTest"/>
  <testcase name="toModelNameShouldUseProvidedMapping" time="0.000" classname="io.swagger.codegen.java.AbstractJavaCodegenTest"/>
  <testcase name="preprocessSwaggerWithBodyParamsSetsContentType" time="0.000" classname="io.swagger.codegen.java.AbstractJavaCodegenTest"/>
  <testcase name="toVarNameShouldAvoidOverloadingGetClassMethod" time="0.001" classname="io.swagger.codegen.java.AbstractJavaCodegenTest"/>
</testsuite> <!-- io.swagger.codegen.java.AbstractJavaCodegenTest -->
