<?xml version="1.0" encoding="UTF-8"?>
<!-- Generated by org.testng.reporters.JUnitReportReporter -->
<testsuite hostname="PUN-DE-DL88TS1" name="io.swagger.codegen.DefaultGeneratorTest" tests="9" failures="0" timestamp="31 Jan 2018 13:50:16 GMT" time="1.269" errors="0">
  <testcase name="testResolveTagsAgainstSwaggerTagsDefinition" time="0.005" classname="io.swagger.codegen.DefaultGeneratorTest"/>
  <testcase name="testOverloadingTemplateFiles" time="0.611" classname="io.swagger.codegen.DefaultGeneratorTest"/>
  <testcase name="testResolveTagsNoTagsDefined" time="0.038" classname="io.swagger.codegen.DefaultGeneratorTest"/>
  <testcase name="testSecurityWithGlobal" time="0.075" classname="io.swagger.codegen.DefaultGeneratorTest"/>
  <testcase name="testResolveTagNotDefinedInSwaggerTagsDefinition" time="0.005" classname="io.swagger.codegen.DefaultGeneratorTest"/>
  <testcase name="testSkipOverwrite" time="0.422" classname="io.swagger.codegen.DefaultGeneratorTest"/>
  <testcase name="testResolveTagsNoSwaggerTagsDefinition" time="0.004" classname="io.swagger.codegen.DefaultGeneratorTest"/>
  <testcase name="testGenerateUniqueOperationIds" time="0.015" classname="io.swagger.codegen.DefaultGeneratorTest"/>
  <testcase name="testSecurityWithoutGlobal" time="0.094" classname="io.swagger.codegen.DefaultGeneratorTest"/>
</testsuite> <!-- io.swagger.codegen.DefaultGeneratorTest -->
