<?xml version="1.0" encoding="UTF-8"?>
<!-- Generated by org.testng.reporters.JUnitReportReporter -->
<testsuite hostname="PUN-DE-DL88TS1" name="io.swagger.codegen.CodegenConfigLoaderTest" tests="4" failures="0" timestamp="31 Jan 2018 13:50:16 GMT" time="0.003" errors="0">
  <testcase name="testLoadByName" time="0.000" classname="io.swagger.codegen.CodegenConfigLoaderTest"/>
  <testcase name="testLoadByFullQualifiedName" time="0.001" classname="io.swagger.codegen.CodegenConfigLoaderTest"/>
  <testcase name="testLoadByFullQualifiedName" time="0.002" classname="io.swagger.codegen.CodegenConfigLoaderTest"/>
  <testcase name="testLoadByName" time="0.000" classname="io.swagger.codegen.CodegenConfigLoaderTest"/>
</testsuite> <!-- io.swagger.codegen.CodegenConfigLoaderTest -->
